0 info it worked if it ends with ok
1 verbose cli [ 'C:\\Program Files\\nodejs\\node.exe',
1 verbose cli   'C:\\Program Files\\nodejs\\node_modules\\npm\\bin\\npm-cli.js',
1 verbose cli   'publish' ]
2 info using npm@3.10.10
3 info using node@v6.11.1
4 verbose publish [ '.' ]
5 silly cache add args [ '.', null ]
6 verbose cache add spec .
7 silly cache add parsed spec Result {
7 silly cache add   raw: '.',
7 silly cache add   scope: null,
7 silly cache add   escapedName: null,
7 silly cache add   name: null,
7 silly cache add   rawSpec: '.',
7 silly cache add   spec: 'C:\\users\\luehm\\onedrive\\softwareentwicklung\\conct-socket',
7 silly cache add   type: 'directory' }
8 verbose addLocalDirectory C:\Users\Luehm\AppData\Roaming\npm-cache\conct-socket\0.0.1\package.tgz not in flight; packing
9 verbose correctMkdir C:\Users\Luehm\AppData\Roaming\npm-cache correctMkdir not in flight; initializing
10 info lifecycle conct-socket@0.0.1~prepublish: conct-socket@0.0.1
11 silly lifecycle conct-socket@0.0.1~prepublish: no script for prepublish, continuing
12 verbose tar pack [ 'C:\\Users\\Luehm\\AppData\\Roaming\\npm-cache\\conct-socket\\0.0.1\\package.tgz',
12 verbose tar pack   'C:\\users\\luehm\\onedrive\\softwareentwicklung\\conct-socket' ]
13 verbose tarball C:\Users\Luehm\AppData\Roaming\npm-cache\conct-socket\0.0.1\package.tgz
14 verbose folder C:\users\luehm\onedrive\softwareentwicklung\conct-socket
15 verbose addLocalTarball adding from inside cache C:\Users\Luehm\AppData\Roaming\npm-cache\conct-socket\0.0.1\package.tgz
16 verbose correctMkdir C:\Users\Luehm\AppData\Roaming\npm-cache correctMkdir not in flight; initializing
17 silly cache afterAdd conct-socket@0.0.1
18 verbose afterAdd C:\Users\Luehm\AppData\Roaming\npm-cache\conct-socket\0.0.1\package\package.json not in flight; writing
19 verbose correctMkdir C:\Users\Luehm\AppData\Roaming\npm-cache correctMkdir not in flight; initializing
20 verbose afterAdd C:\Users\Luehm\AppData\Roaming\npm-cache\conct-socket\0.0.1\package\package.json written
21 silly publish { name: 'conct-socket',
21 silly publish   version: '0.0.1',
21 silly publish   description: 'Websocket Verbindungen',
21 silly publish   main: 'index.js',
21 silly publish   scripts: { test: 'echo "Error: no test specified" && exit 1' },
21 silly publish   repository:
21 silly publish    { type: 'git',
21 silly publish      url: 'git+https://github.com/conct/conct-socket.git' },
21 silly publish   dependencies: { 'socket.io-client': '^2.0.4' },
21 silly publish   author: { name: 'Daniel von Lühmann' },
21 silly publish   license: 'ISC',
21 silly publish   bugs: { url: 'https://github.com/conct/conct-socket/issues' },
21 silly publish   homepage: 'https://github.com/conct/conct-socket#readme',
21 silly publish   readme: '# conct-socket',
21 silly publish   readmeFilename: 'README.md',
21 silly publish   gitHead: '75fa097dc9daef800724165d00e8dd78d50d5fda',
21 silly publish   _id: 'conct-socket@0.0.1',
21 silly publish   _shasum: 'cec0b7f8a30f290ccd01274ff9b47f09e70308f3',
21 silly publish   _from: '.' }
22 verbose getPublishConfig undefined
23 silly mapToRegistry name conct-socket
24 silly mapToRegistry using default registry
25 silly mapToRegistry registry https://registry.npmjs.org/
26 silly mapToRegistry data Result {
26 silly mapToRegistry   raw: 'conct-socket',
26 silly mapToRegistry   scope: null,
26 silly mapToRegistry   escapedName: 'conct-socket',
26 silly mapToRegistry   name: 'conct-socket',
26 silly mapToRegistry   rawSpec: '',
26 silly mapToRegistry   spec: 'latest',
26 silly mapToRegistry   type: 'tag' }
27 silly mapToRegistry uri https://registry.npmjs.org/conct-socket
28 verbose publish registryBase https://registry.npmjs.org/
29 silly publish uploading C:\Users\Luehm\AppData\Roaming\npm-cache\conct-socket\0.0.1\package.tgz
30 verbose request uri https://registry.npmjs.org/conct-socket
31 verbose request sending authorization for write operation
32 info attempt registry request try #1 at 14:27:56
33 verbose request using bearer token for auth
34 verbose request id b3c24aa05308b057
35 http request PUT https://registry.npmjs.org/conct-socket
36 http 403 https://registry.npmjs.org/conct-socket
37 verbose headers { 'content-type': 'application/json',
37 verbose headers   'cache-control': 'max-age=300',
37 verbose headers   'content-length': '91',
37 verbose headers   'accept-ranges': 'bytes',
37 verbose headers   date: 'Wed, 29 Nov 2017 13:27:57 GMT',
37 verbose headers   via: '1.1 varnish',
37 verbose headers   connection: 'keep-alive',
37 verbose headers   'x-served-by': 'cache-hhn1534-HHN',
37 verbose headers   'x-cache': 'MISS',
37 verbose headers   'x-cache-hits': '0',
37 verbose headers   'x-timer': 'S1511962076.927168,VS0,VE1277',
37 verbose headers   vary: 'Accept-Encoding, Accept' }
38 verbose request invalidating C:\Users\Luehm\AppData\Roaming\npm-cache\registry.npmjs.org\conct-socket on PUT
39 error publish Failed PUT 403
40 verbose stack Error: You cannot publish over the previously published version 0.0.1. : conct-socket
40 verbose stack     at makeError (C:\Program Files\nodejs\node_modules\npm\node_modules\npm-registry-client\lib\request.js:302:12)
40 verbose stack     at CachingRegistryClient.<anonymous> (C:\Program Files\nodejs\node_modules\npm\node_modules\npm-registry-client\lib\request.js:290:14)
40 verbose stack     at Request._callback (C:\Program Files\nodejs\node_modules\npm\node_modules\npm-registry-client\lib\request.js:210:14)
40 verbose stack     at Request.self.callback (C:\Program Files\nodejs\node_modules\npm\node_modules\request\request.js:187:22)
40 verbose stack     at emitTwo (events.js:106:13)
40 verbose stack     at Request.emit (events.js:191:7)
40 verbose stack     at Request.<anonymous> (C:\Program Files\nodejs\node_modules\npm\node_modules\request\request.js:1048:10)
40 verbose stack     at emitOne (events.js:96:13)
40 verbose stack     at Request.emit (events.js:188:7)
40 verbose stack     at IncomingMessage.<anonymous> (C:\Program Files\nodejs\node_modules\npm\node_modules\request\request.js:969:12)
41 verbose statusCode 403
42 verbose pkgid conct-socket
43 verbose cwd C:\users\luehm\onedrive\softwareentwicklung\conct-socket
44 error Windows_NT 10.0.15063
45 error argv "C:\\Program Files\\nodejs\\node.exe" "C:\\Program Files\\nodejs\\node_modules\\npm\\bin\\npm-cli.js" "publish"
46 error node v6.11.1
47 error npm  v3.10.10
48 error code E403
49 error You cannot publish over the previously published version 0.0.1. : conct-socket
50 error If you need help, you may report this error at:
50 error     <https://github.com/npm/npm/issues>
51 verbose exit [ 1, true ]
